<?xml version="1.0" encoding="UTF-8"?>
<!-- Generated by org.testng.reporters.JUnitXMLReporter -->
<testsuite hostname="Alexs-MBP" ignored="0" name="Surefire test" tests="1" failures="1" timestamp="02 Jan 2019 19:58:29 GMT" time="13.314" errors="0">
  <testcase name="testCreateNewCandidate" time="9.344" classname="tests.CreateNewCandidate">
    <failure type="java.lang.AssertionError" message="Candidate with name Rasheed null Lehner is not found in Candidate table expected [true] but found [false]">
      <![CDATA[java.lang.AssertionError: Candidate with name Rasheed null Lehner is not found in Candidate table expected [true] but found [false]
at tests.CreateNewCandidate.testCreateNewCandidate(CreateNewCandidate.java:40)
... Removed 32 stack frames]]>
    </failure>
  </testcase> <!-- testCreateNewCandidate -->
</testsuite> <!-- Surefire test -->
